<?xml version="1.0" encoding="UTF-8"?>
<!-- Generated by org.testng.reporters.JUnitXMLReporter -->
<testsuite hostname="DESKTOP-IQGUCPF" ignored="5" name="Test" tests="1" failures="0" timestamp="22 Jun 2020 07:44:24 GMT" time="76.152" errors="0">
  <testcase name="Sumarry" time="42.016" classname="com.mst.sutomation.allied.regressiontestcases.DelegateApplication"/>
  <testcase name="ApplicationFilling" time="0.0" classname="com.mst.sutomation.allied.regressiontestcases.DelegateApplication">
    <ignored/>
  </testcase> <!-- ApplicationFilling -->
  <testcase name="EducationInformation" time="0.0" classname="com.mst.sutomation.allied.regressiontestcases.DelegateApplication">
    <ignored/>
  </testcase> <!-- EducationInformation -->
  <testcase name="Attachments" time="0.0" classname="com.mst.sutomation.allied.regressiontestcases.DelegateApplication">
    <ignored/>
  </testcase> <!-- Attachments -->
  <testcase name="Legalinformation" time="0.0" classname="com.mst.sutomation.allied.regressiontestcases.DelegateApplication">
    <ignored/>
  </testcase> <!-- Legalinformation -->
  <testcase name="SpiritualInformation" time="0.0" classname="com.mst.sutomation.allied.regressiontestcases.DelegateApplication">
    <ignored/>
  </testcase> <!-- SpiritualInformation -->
</testsuite> <!-- Test -->
